mode: set
github.com/icaroribeiro/new-go-code-challenge-template/internal/application/service/user/service.go:16.127,20.2 1 1
github.com/icaroribeiro/new-go-code-challenge-template/internal/application/service/user/service.go:23.55,25.16 2 1
github.com/icaroribeiro/new-go-code-challenge-template/internal/application/service/user/service.go:29.2,29.19 1 1
github.com/icaroribeiro/new-go-code-challenge-template/internal/application/service/user/service.go:25.16,27.3 1 1
github.com/icaroribeiro/new-go-code-challenge-template/internal/application/service/healthcheck/service.go:13.51,17.2 1 1
github.com/icaroribeiro/new-go-code-challenge-template/internal/application/service/healthcheck/service.go:21.37,23.16 2 1
github.com/icaroribeiro/new-go-code-challenge-template/internal/application/service/healthcheck/service.go:27.2,27.33 1 1
github.com/icaroribeiro/new-go-code-challenge-template/internal/application/service/healthcheck/service.go:31.2,31.12 1 1
github.com/icaroribeiro/new-go-code-challenge-template/internal/application/service/healthcheck/service.go:23.16,25.3 1 1
github.com/icaroribeiro/new-go-code-challenge-template/internal/application/service/healthcheck/service.go:27.33,29.3 1 1
github.com/icaroribeiro/new-go-code-challenge-template/internal/transport/presentation/handler/healthcheck/handler.go:16.67,20.2 1 1
github.com/icaroribeiro/new-go-code-challenge-template/internal/transport/presentation/handler/healthcheck/handler.go:31.69,34.57 2 1
github.com/icaroribeiro/new-go-code-challenge-template/internal/transport/presentation/handler/healthcheck/handler.go:38.2,38.95 1 1
github.com/icaroribeiro/new-go-code-challenge-template/internal/transport/presentation/handler/healthcheck/handler.go:34.57,36.3 1 1
github.com/icaroribeiro/new-go-code-challenge-template/internal/infrastructure/storage/datastore/repository/auth/repository.go:20.59,25.2 2 1
github.com/icaroribeiro/new-go-code-challenge-template/internal/infrastructure/storage/datastore/repository/auth/repository.go:28.78,33.25 4 1
github.com/icaroribeiro/new-go-code-challenge-template/internal/infrastructure/storage/datastore/repository/auth/repository.go:51.2,51.31 1 1
github.com/icaroribeiro/new-go-code-challenge-template/internal/infrastructure/storage/datastore/repository/auth/repository.go:33.25,34.66 1 1
github.com/icaroribeiro/new-go-code-challenge-template/internal/infrastructure/storage/datastore/repository/auth/repository.go:48.3,48.42 1 1
github.com/icaroribeiro/new-go-code-challenge-template/internal/infrastructure/storage/datastore/repository/auth/repository.go:34.66,37.86 2 1
github.com/icaroribeiro/new-go-code-challenge-template/internal/infrastructure/storage/datastore/repository/auth/repository.go:41.4,41.53 1 1
github.com/icaroribeiro/new-go-code-challenge-template/internal/infrastructure/storage/datastore/repository/auth/repository.go:45.4,45.115 1 1
github.com/icaroribeiro/new-go-code-challenge-template/internal/infrastructure/storage/datastore/repository/auth/repository.go:37.86,39.5 1 1
github.com/icaroribeiro/new-go-code-challenge-template/internal/infrastructure/storage/datastore/repository/auth/repository.go:41.53,43.5 1 1
github.com/icaroribeiro/new-go-code-challenge-template/internal/infrastructure/storage/datastore/repository/auth/repository.go:55.75,58.76 2 1
github.com/icaroribeiro/new-go-code-challenge-template/internal/infrastructure/storage/datastore/repository/auth/repository.go:62.2,62.31 1 1
github.com/icaroribeiro/new-go-code-challenge-template/internal/infrastructure/storage/datastore/repository/auth/repository.go:58.76,60.3 1 1
github.com/icaroribeiro/new-go-code-challenge-template/internal/infrastructure/storage/datastore/repository/auth/repository.go:66.66,70.25 3 1
github.com/icaroribeiro/new-go-code-challenge-template/internal/infrastructure/storage/datastore/repository/auth/repository.go:74.2,74.30 1 1
github.com/icaroribeiro/new-go-code-challenge-template/internal/infrastructure/storage/datastore/repository/auth/repository.go:78.2,78.56 1 1
github.com/icaroribeiro/new-go-code-challenge-template/internal/infrastructure/storage/datastore/repository/auth/repository.go:82.2,82.30 1 1
github.com/icaroribeiro/new-go-code-challenge-template/internal/infrastructure/storage/datastore/repository/auth/repository.go:86.2,86.31 1 1
github.com/icaroribeiro/new-go-code-challenge-template/internal/infrastructure/storage/datastore/repository/auth/repository.go:70.25,72.3 1 1
github.com/icaroribeiro/new-go-code-challenge-template/internal/infrastructure/storage/datastore/repository/auth/repository.go:74.30,76.3 1 1
github.com/icaroribeiro/new-go-code-challenge-template/internal/infrastructure/storage/datastore/repository/auth/repository.go:78.56,80.3 1 1
github.com/icaroribeiro/new-go-code-challenge-template/internal/infrastructure/storage/datastore/repository/auth/repository.go:82.30,84.3 1 1
github.com/icaroribeiro/new-go-code-challenge-template/internal/infrastructure/storage/datastore/repository/auth/repository.go:90.84,91.18 1 1
github.com/icaroribeiro/new-go-code-challenge-template/internal/infrastructure/storage/datastore/repository/auth/repository.go:96.2,97.10 2 1
github.com/icaroribeiro/new-go-code-challenge-template/internal/infrastructure/storage/datastore/repository/auth/repository.go:91.18,94.3 2 1
github.com/icaroribeiro/new-go-code-challenge-template/internal/infrastructure/storage/datastore/repository/user/repository.go:20.59,25.2 2 1
github.com/icaroribeiro/new-go-code-challenge-template/internal/infrastructure/storage/datastore/repository/user/repository.go:28.78,32.57 3 1
github.com/icaroribeiro/new-go-code-challenge-template/internal/infrastructure/storage/datastore/repository/user/repository.go:40.2,40.31 1 1
github.com/icaroribeiro/new-go-code-challenge-template/internal/infrastructure/storage/datastore/repository/user/repository.go:32.57,33.68 1 1
github.com/icaroribeiro/new-go-code-challenge-template/internal/infrastructure/storage/datastore/repository/user/repository.go:37.3,37.42 1 1
github.com/icaroribeiro/new-go-code-challenge-template/internal/infrastructure/storage/datastore/repository/user/repository.go:33.68,35.4 1 1
github.com/icaroribeiro/new-go-code-challenge-template/internal/infrastructure/storage/datastore/repository/user/repository.go:44.58,47.56 2 1
github.com/icaroribeiro/new-go-code-challenge-template/internal/infrastructure/storage/datastore/repository/user/repository.go:51.2,51.32 1 1
github.com/icaroribeiro/new-go-code-challenge-template/internal/infrastructure/storage/datastore/repository/user/repository.go:47.56,49.3 1 1
github.com/icaroribeiro/new-go-code-challenge-template/internal/infrastructure/storage/datastore/repository/user/repository.go:55.84,56.18 1 1
github.com/icaroribeiro/new-go-code-challenge-template/internal/infrastructure/storage/datastore/repository/user/repository.go:61.2,62.10 2 1
github.com/icaroribeiro/new-go-code-challenge-template/internal/infrastructure/storage/datastore/repository/user/repository.go:56.18,59.3 2 1
github.com/icaroribeiro/new-go-code-challenge-template/internal/transport/presentation/handler/auth/handler.go:23.53,27.2 1 1
github.com/icaroribeiro/new-go-code-challenge-template/internal/transport/presentation/handler/auth/handler.go:43.66,49.25 4 1
github.com/icaroribeiro/new-go-code-challenge-template/internal/transport/presentation/handler/auth/handler.go:55.2,58.16 3 1
github.com/icaroribeiro/new-go-code-challenge-template/internal/transport/presentation/handler/auth/handler.go:63.2,64.16 2 1
github.com/icaroribeiro/new-go-code-challenge-template/internal/transport/presentation/handler/auth/handler.go:69.2,69.92 1 1
github.com/icaroribeiro/new-go-code-challenge-template/internal/transport/presentation/handler/auth/handler.go:49.25,53.3 2 1
github.com/icaroribeiro/new-go-code-challenge-template/internal/transport/presentation/handler/auth/handler.go:58.16,61.3 2 1
github.com/icaroribeiro/new-go-code-challenge-template/internal/transport/presentation/handler/auth/handler.go:64.16,67.3 2 1
github.com/icaroribeiro/new-go-code-challenge-template/internal/transport/presentation/handler/auth/handler.go:86.66,92.25 4 1
github.com/icaroribeiro/new-go-code-challenge-template/internal/transport/presentation/handler/auth/handler.go:97.2,99.69 2 1
github.com/icaroribeiro/new-go-code-challenge-template/internal/transport/presentation/handler/auth/handler.go:104.2,105.16 2 1
github.com/icaroribeiro/new-go-code-challenge-template/internal/transport/presentation/handler/auth/handler.go:110.2,110.92 1 1
github.com/icaroribeiro/new-go-code-challenge-template/internal/transport/presentation/handler/auth/handler.go:92.25,95.3 2 1
github.com/icaroribeiro/new-go-code-challenge-template/internal/transport/presentation/handler/auth/handler.go:99.69,102.3 2 1
github.com/icaroribeiro/new-go-code-challenge-template/internal/transport/presentation/handler/auth/handler.go:105.16,108.3 2 1
github.com/icaroribeiro/new-go-code-challenge-template/internal/transport/presentation/handler/auth/handler.go:125.72,131.9 4 1
github.com/icaroribeiro/new-go-code-challenge-template/internal/transport/presentation/handler/auth/handler.go:136.2,137.16 2 1
github.com/icaroribeiro/new-go-code-challenge-template/internal/transport/presentation/handler/auth/handler.go:141.2,141.92 1 1
github.com/icaroribeiro/new-go-code-challenge-template/internal/transport/presentation/handler/auth/handler.go:131.9,134.3 2 1
github.com/icaroribeiro/new-go-code-challenge-template/internal/transport/presentation/handler/auth/handler.go:137.16,139.3 1 1
github.com/icaroribeiro/new-go-code-challenge-template/internal/transport/presentation/handler/auth/handler.go:159.74,165.9 4 1
github.com/icaroribeiro/new-go-code-challenge-template/internal/transport/presentation/handler/auth/handler.go:170.2,172.67 2 1
github.com/icaroribeiro/new-go-code-challenge-template/internal/transport/presentation/handler/auth/handler.go:177.2,178.16 2 1
github.com/icaroribeiro/new-go-code-challenge-template/internal/transport/presentation/handler/auth/handler.go:183.2,183.135 1 1
github.com/icaroribeiro/new-go-code-challenge-template/internal/transport/presentation/handler/auth/handler.go:165.9,168.3 2 1
github.com/icaroribeiro/new-go-code-challenge-template/internal/transport/presentation/handler/auth/handler.go:172.67,175.3 2 1
github.com/icaroribeiro/new-go-code-challenge-template/internal/transport/presentation/handler/auth/handler.go:178.16,181.3 2 1
github.com/icaroribeiro/new-go-code-challenge-template/internal/transport/presentation/handler/auth/handler.go:198.67,204.9 4 1
github.com/icaroribeiro/new-go-code-challenge-template/internal/transport/presentation/handler/auth/handler.go:209.2,210.16 2 1
github.com/icaroribeiro/new-go-code-challenge-template/internal/transport/presentation/handler/auth/handler.go:215.2,215.125 1 1
github.com/icaroribeiro/new-go-code-challenge-template/internal/transport/presentation/handler/auth/handler.go:204.9,207.3 2 1
github.com/icaroribeiro/new-go-code-challenge-template/internal/transport/presentation/handler/auth/handler.go:210.16,213.3 2 1
github.com/icaroribeiro/new-go-code-challenge-template/internal/application/service/auth/service.go:33.46,44.2 1 1
github.com/icaroribeiro/new-go-code-challenge-template/internal/application/service/auth/service.go:47.81,48.58 1 1
github.com/icaroribeiro/new-go-code-challenge-template/internal/application/service/auth/service.go:52.2,53.16 2 1
github.com/icaroribeiro/new-go-code-challenge-template/internal/application/service/auth/service.go:57.2,57.22 1 1
github.com/icaroribeiro/new-go-code-challenge-template/internal/application/service/auth/service.go:61.2,66.16 3 1
github.com/icaroribeiro/new-go-code-challenge-template/internal/application/service/auth/service.go:70.2,77.16 3 1
github.com/icaroribeiro/new-go-code-challenge-template/internal/application/service/auth/service.go:81.2,86.16 3 1
github.com/icaroribeiro/new-go-code-challenge-template/internal/application/service/auth/service.go:90.2,91.16 2 1
github.com/icaroribeiro/new-go-code-challenge-template/internal/application/service/auth/service.go:95.2,95.19 1 1
github.com/icaroribeiro/new-go-code-challenge-template/internal/application/service/auth/service.go:48.58,50.3 1 1
github.com/icaroribeiro/new-go-code-challenge-template/internal/application/service/auth/service.go:53.16,55.3 1 1
github.com/icaroribeiro/new-go-code-challenge-template/internal/application/service/auth/service.go:57.22,59.3 1 1
github.com/icaroribeiro/new-go-code-challenge-template/internal/application/service/auth/service.go:66.16,68.3 1 1
github.com/icaroribeiro/new-go-code-challenge-template/internal/application/service/auth/service.go:77.16,79.3 1 1
github.com/icaroribeiro/new-go-code-challenge-template/internal/application/service/auth/service.go:86.16,88.3 1 1
github.com/icaroribeiro/new-go-code-challenge-template/internal/application/service/auth/service.go:91.16,93.3 1 1
github.com/icaroribeiro/new-go-code-challenge-template/internal/application/service/auth/service.go:99.78,100.58 1 1
github.com/icaroribeiro/new-go-code-challenge-template/internal/application/service/auth/service.go:104.2,105.16 2 1
github.com/icaroribeiro/new-go-code-challenge-template/internal/application/service/auth/service.go:109.2,109.21 1 1
github.com/icaroribeiro/new-go-code-challenge-template/internal/application/service/auth/service.go:113.2,113.88 1 1
github.com/icaroribeiro/new-go-code-challenge-template/internal/application/service/auth/service.go:117.2,118.16 2 1
github.com/icaroribeiro/new-go-code-challenge-template/internal/application/service/auth/service.go:122.2,122.21 1 1
github.com/icaroribeiro/new-go-code-challenge-template/internal/application/service/auth/service.go:126.2,131.16 3 1
github.com/icaroribeiro/new-go-code-challenge-template/internal/application/service/auth/service.go:135.2,138.16 3 1
github.com/icaroribeiro/new-go-code-challenge-template/internal/application/service/auth/service.go:142.2,142.19 1 1
github.com/icaroribeiro/new-go-code-challenge-template/internal/application/service/auth/service.go:100.58,102.3 1 1
github.com/icaroribeiro/new-go-code-challenge-template/internal/application/service/auth/service.go:105.16,107.3 1 1
github.com/icaroribeiro/new-go-code-challenge-template/internal/application/service/auth/service.go:109.21,111.3 1 1
github.com/icaroribeiro/new-go-code-challenge-template/internal/application/service/auth/service.go:113.88,115.3 1 1
github.com/icaroribeiro/new-go-code-challenge-template/internal/application/service/auth/service.go:118.16,120.3 1 1
github.com/icaroribeiro/new-go-code-challenge-template/internal/application/service/auth/service.go:122.21,124.3 1 1
github.com/icaroribeiro/new-go-code-challenge-template/internal/application/service/auth/service.go:131.16,133.3 1 1
github.com/icaroribeiro/new-go-code-challenge-template/internal/application/service/auth/service.go:138.16,140.3 1 1
github.com/icaroribeiro/new-go-code-challenge-template/internal/application/service/auth/service.go:146.69,148.2 1 1
github.com/icaroribeiro/new-go-code-challenge-template/internal/application/service/auth/service.go:151.84,152.74 1 1
github.com/icaroribeiro/new-go-code-challenge-template/internal/application/service/auth/service.go:156.2,156.56 1 1
github.com/icaroribeiro/new-go-code-challenge-template/internal/application/service/auth/service.go:160.2,161.16 2 1
github.com/icaroribeiro/new-go-code-challenge-template/internal/application/service/auth/service.go:165.2,165.21 1 1
github.com/icaroribeiro/new-go-code-challenge-template/internal/application/service/auth/service.go:169.2,169.93 1 1
github.com/icaroribeiro/new-go-code-challenge-template/internal/application/service/auth/service.go:177.2,177.56 1 1
github.com/icaroribeiro/new-go-code-challenge-template/internal/application/service/auth/service.go:181.2,185.12 3 1
github.com/icaroribeiro/new-go-code-challenge-template/internal/application/service/auth/service.go:152.74,154.3 1 1
github.com/icaroribeiro/new-go-code-challenge-template/internal/application/service/auth/service.go:156.56,158.3 1 1
github.com/icaroribeiro/new-go-code-challenge-template/internal/application/service/auth/service.go:161.16,163.3 1 1
github.com/icaroribeiro/new-go-code-challenge-template/internal/application/service/auth/service.go:165.21,167.3 1 1
github.com/icaroribeiro/new-go-code-challenge-template/internal/application/service/auth/service.go:169.93,170.47 1 1
github.com/icaroribeiro/new-go-code-challenge-template/internal/application/service/auth/service.go:174.3,174.13 1 1
github.com/icaroribeiro/new-go-code-challenge-template/internal/application/service/auth/service.go:170.47,172.4 1 1
github.com/icaroribeiro/new-go-code-challenge-template/internal/application/service/auth/service.go:177.56,179.3 1 1
github.com/icaroribeiro/new-go-code-challenge-template/internal/application/service/auth/service.go:189.43,190.74 1 1
github.com/icaroribeiro/new-go-code-challenge-template/internal/application/service/auth/service.go:194.2,196.12 2 1
github.com/icaroribeiro/new-go-code-challenge-template/internal/application/service/auth/service.go:190.74,192.3 1 1
github.com/icaroribeiro/new-go-code-challenge-template/internal/application/service/auth/service.go:200.66,208.2 4 1
github.com/icaroribeiro/new-go-code-challenge-template/internal/transport/presentation/handler/user/handler.go:16.53,20.2 1 1
github.com/icaroribeiro/new-go-code-challenge-template/internal/transport/presentation/handler/user/handler.go:33.66,35.16 2 1
github.com/icaroribeiro/new-go-code-challenge-template/internal/transport/presentation/handler/user/handler.go:40.2,43.62 3 1
github.com/icaroribeiro/new-go-code-challenge-template/internal/transport/presentation/handler/user/handler.go:35.16,38.3 2 1
github.com/icaroribeiro/new-go-code-challenge-template/internal/infrastructure/storage/datastore/repository/login/repository.go:20.60,25.2 2 1
github.com/icaroribeiro/new-go-code-challenge-template/internal/infrastructure/storage/datastore/repository/login/repository.go:28.81,32.58 3 1
github.com/icaroribeiro/new-go-code-challenge-template/internal/infrastructure/storage/datastore/repository/login/repository.go:40.2,40.32 1 1
github.com/icaroribeiro/new-go-code-challenge-template/internal/infrastructure/storage/datastore/repository/login/repository.go:32.58,33.67 1 1
github.com/icaroribeiro/new-go-code-challenge-template/internal/infrastructure/storage/datastore/repository/login/repository.go:37.3,37.43 1 1
github.com/icaroribeiro/new-go-code-challenge-template/internal/infrastructure/storage/datastore/repository/login/repository.go:33.67,35.4 1 1
github.com/icaroribeiro/new-go-code-challenge-template/internal/infrastructure/storage/datastore/repository/login/repository.go:44.80,47.80 2 1
github.com/icaroribeiro/new-go-code-challenge-template/internal/infrastructure/storage/datastore/repository/login/repository.go:51.2,51.32 1 1
github.com/icaroribeiro/new-go-code-challenge-template/internal/infrastructure/storage/datastore/repository/login/repository.go:47.80,49.3 1 1
github.com/icaroribeiro/new-go-code-challenge-template/internal/infrastructure/storage/datastore/repository/login/repository.go:55.76,58.77 2 1
github.com/icaroribeiro/new-go-code-challenge-template/internal/infrastructure/storage/datastore/repository/login/repository.go:62.2,62.32 1 1
github.com/icaroribeiro/new-go-code-challenge-template/internal/infrastructure/storage/datastore/repository/login/repository.go:58.77,60.3 1 1
github.com/icaroribeiro/new-go-code-challenge-template/internal/infrastructure/storage/datastore/repository/login/repository.go:66.92,71.25 4 1
github.com/icaroribeiro/new-go-code-challenge-template/internal/infrastructure/storage/datastore/repository/login/repository.go:75.2,75.30 1 1
github.com/icaroribeiro/new-go-code-challenge-template/internal/infrastructure/storage/datastore/repository/login/repository.go:79.2,79.67 1 1
github.com/icaroribeiro/new-go-code-challenge-template/internal/infrastructure/storage/datastore/repository/login/repository.go:83.2,83.30 1 1
github.com/icaroribeiro/new-go-code-challenge-template/internal/infrastructure/storage/datastore/repository/login/repository.go:87.2,87.32 1 1
github.com/icaroribeiro/new-go-code-challenge-template/internal/infrastructure/storage/datastore/repository/login/repository.go:71.25,73.3 1 1
github.com/icaroribeiro/new-go-code-challenge-template/internal/infrastructure/storage/datastore/repository/login/repository.go:75.30,77.3 1 1
github.com/icaroribeiro/new-go-code-challenge-template/internal/infrastructure/storage/datastore/repository/login/repository.go:79.67,81.3 1 1
github.com/icaroribeiro/new-go-code-challenge-template/internal/infrastructure/storage/datastore/repository/login/repository.go:83.30,85.3 1 1
github.com/icaroribeiro/new-go-code-challenge-template/internal/infrastructure/storage/datastore/repository/login/repository.go:91.67,95.25 3 1
github.com/icaroribeiro/new-go-code-challenge-template/internal/infrastructure/storage/datastore/repository/login/repository.go:99.2,99.30 1 1
github.com/icaroribeiro/new-go-code-challenge-template/internal/infrastructure/storage/datastore/repository/login/repository.go:103.2,103.57 1 1
github.com/icaroribeiro/new-go-code-challenge-template/internal/infrastructure/storage/datastore/repository/login/repository.go:107.2,107.30 1 1
github.com/icaroribeiro/new-go-code-challenge-template/internal/infrastructure/storage/datastore/repository/login/repository.go:111.2,111.32 1 1
github.com/icaroribeiro/new-go-code-challenge-template/internal/infrastructure/storage/datastore/repository/login/repository.go:95.25,97.3 1 1
github.com/icaroribeiro/new-go-code-challenge-template/internal/infrastructure/storage/datastore/repository/login/repository.go:99.30,101.3 1 1
github.com/icaroribeiro/new-go-code-challenge-template/internal/infrastructure/storage/datastore/repository/login/repository.go:103.57,105.3 1 1
github.com/icaroribeiro/new-go-code-challenge-template/internal/infrastructure/storage/datastore/repository/login/repository.go:107.30,109.3 1 1
github.com/icaroribeiro/new-go-code-challenge-template/internal/infrastructure/storage/datastore/repository/login/repository.go:115.85,116.18 1 1
github.com/icaroribeiro/new-go-code-challenge-template/internal/infrastructure/storage/datastore/repository/login/repository.go:121.2,122.10 2 1
github.com/icaroribeiro/new-go-code-challenge-template/internal/infrastructure/storage/datastore/repository/login/repository.go:116.18,119.3 2 1
github.com/icaroribeiro/new-go-code-challenge-template/internal/transport/router/auth/router.go:12.128,50.2 1 1
github.com/icaroribeiro/new-go-code-challenge-template/internal/transport/router/healthcheck/router.go:12.142,22.2 1 1
github.com/icaroribeiro/new-go-code-challenge-template/internal/transport/router/user/router.go:10.128,20.2 1 1
github.com/icaroribeiro/new-go-code-challenge-template/pkg/auth/auth.go:23.33,30.2 1 1
github.com/icaroribeiro/new-go-code-challenge-template/pkg/auth/auth.go:33.90,47.2 4 1
github.com/icaroribeiro/new-go-code-challenge-template/pkg/auth/auth.go:49.83,50.57 1 1
github.com/icaroribeiro/new-go-code-challenge-template/pkg/auth/auth.go:57.2,57.40 1 1
github.com/icaroribeiro/new-go-code-challenge-template/pkg/auth/auth.go:50.57,51.57 1 1
github.com/icaroribeiro/new-go-code-challenge-template/pkg/auth/auth.go:54.3,54.24 1 1
github.com/icaroribeiro/new-go-code-challenge-template/pkg/auth/auth.go:51.57,53.4 1 1
github.com/icaroribeiro/new-go-code-challenge-template/pkg/auth/auth.go:62.68,65.48 2 1
github.com/icaroribeiro/new-go-code-challenge-template/pkg/auth/auth.go:75.2,75.19 1 1
github.com/icaroribeiro/new-go-code-challenge-template/pkg/auth/auth.go:65.48,66.22 1 1
github.com/icaroribeiro/new-go-code-challenge-template/pkg/auth/auth.go:67.35,69.58 2 1
github.com/icaroribeiro/new-go-code-challenge-template/pkg/auth/auth.go:70.11,71.19 1 1
github.com/icaroribeiro/new-go-code-challenge-template/pkg/auth/auth.go:80.110,83.48 2 1
github.com/icaroribeiro/new-go-code-challenge-template/pkg/auth/auth.go:92.2,98.59 4 1
github.com/icaroribeiro/new-go-code-challenge-template/pkg/auth/auth.go:103.2,103.19 1 1
github.com/icaroribeiro/new-go-code-challenge-template/pkg/auth/auth.go:83.48,84.22 1 1
github.com/icaroribeiro/new-go-code-challenge-template/pkg/auth/auth.go:85.35,86.9 1 1
github.com/icaroribeiro/new-go-code-challenge-template/pkg/auth/auth.go:87.11,88.21 1 1
github.com/icaroribeiro/new-go-code-challenge-template/pkg/auth/auth.go:98.59,101.3 2 1
github.com/icaroribeiro/new-go-code-challenge-template/pkg/auth/auth.go:107.79,110.18 2 1
github.com/icaroribeiro/new-go-code-challenge-template/pkg/auth/auth.go:114.2,117.9 3 1
github.com/icaroribeiro/new-go-code-challenge-template/pkg/auth/auth.go:121.2,122.16 2 1
github.com/icaroribeiro/new-go-code-challenge-template/pkg/auth/auth.go:126.2,127.9 2 1
github.com/icaroribeiro/new-go-code-challenge-template/pkg/auth/auth.go:131.2,132.16 2 1
github.com/icaroribeiro/new-go-code-challenge-template/pkg/auth/auth.go:136.2,139.18 3 1
github.com/icaroribeiro/new-go-code-challenge-template/pkg/auth/auth.go:110.18,112.3 1 1
github.com/icaroribeiro/new-go-code-challenge-template/pkg/auth/auth.go:117.9,119.3 1 1
github.com/icaroribeiro/new-go-code-challenge-template/pkg/auth/auth.go:122.16,124.3 1 1
github.com/icaroribeiro/new-go-code-challenge-template/pkg/auth/auth.go:127.9,129.3 1 1
github.com/icaroribeiro/new-go-code-challenge-template/pkg/auth/auth.go:132.16,134.3 1 1
github.com/icaroribeiro/new-go-code-challenge-template/pkg/customerror/customerror.go:32.28,34.2 1 1
github.com/icaroribeiro/new-go-code-challenge-template/pkg/customerror/customerror.go:37.50,39.2 1 1
github.com/icaroribeiro/new-go-code-challenge-template/pkg/customerror/customerror.go:42.41,44.2 1 1
github.com/icaroribeiro/new-go-code-challenge-template/pkg/customerror/customerror.go:47.50,49.2 1 1
github.com/icaroribeiro/new-go-code-challenge-template/pkg/customerror/customerror.go:52.72,54.2 1 1
github.com/icaroribeiro/new-go-code-challenge-template/pkg/customerror/customerror.go:57.35,58.46 1 1
github.com/icaroribeiro/new-go-code-challenge-template/pkg/customerror/customerror.go:62.2,62.15 1 1
github.com/icaroribeiro/new-go-code-challenge-template/pkg/customerror/customerror.go:58.46,60.3 1 1
github.com/icaroribeiro/new-go-code-challenge-template/pkg/httputil/adapter/adapter.go:16.83,20.2 1 1
github.com/icaroribeiro/new-go-code-challenge-template/pkg/httputil/adapter/adapter.go:23.72,28.30 3 1
github.com/icaroribeiro/new-go-code-challenge-template/pkg/httputil/adapter/adapter.go:32.2,32.20 1 1
github.com/icaroribeiro/new-go-code-challenge-template/pkg/httputil/adapter/adapter.go:28.30,30.3 1 1
github.com/icaroribeiro/new-go-code-challenge-template/pkg/env/env.go:9.69,11.9 2 1
github.com/icaroribeiro/new-go-code-challenge-template/pkg/env/env.go:15.2,15.14 1 1
github.com/icaroribeiro/new-go-code-challenge-template/pkg/env/env.go:11.9,13.3 1 1
github.com/icaroribeiro/new-go-code-challenge-template/internal/transport/router/swagger/router.go:11.127,21.2 1 1
github.com/icaroribeiro/new-go-code-challenge-template/pkg/httputil/handler/handler.go:6.40,7.71 1 1
github.com/icaroribeiro/new-go-code-challenge-template/pkg/httputil/handler/handler.go:7.71,9.3 1 1
github.com/icaroribeiro/new-go-code-challenge-template/pkg/httputil/handler/handler.go:13.48,14.71 1 1
github.com/icaroribeiro/new-go-code-challenge-template/pkg/httputil/handler/handler.go:14.71,16.3 1 1
github.com/icaroribeiro/new-go-code-challenge-template/pkg/httputil/request/request.go:23.53,27.8 3 1
github.com/icaroribeiro/new-go-code-challenge-template/pkg/httputil/request/request.go:42.2,43.8 2 1
github.com/icaroribeiro/new-go-code-challenge-template/pkg/httputil/request/request.go:47.2,47.16 1 1
github.com/icaroribeiro/new-go-code-challenge-template/pkg/httputil/request/request.go:27.8,28.23 1 1
github.com/icaroribeiro/new-go-code-challenge-template/pkg/httputil/request/request.go:32.3,35.42 3 1
github.com/icaroribeiro/new-go-code-challenge-template/pkg/httputil/request/request.go:39.3,39.45 1 1
github.com/icaroribeiro/new-go-code-challenge-template/pkg/httputil/request/request.go:28.23,30.4 1 1
github.com/icaroribeiro/new-go-code-challenge-template/pkg/httputil/request/request.go:35.42,37.4 1 1
github.com/icaroribeiro/new-go-code-challenge-template/pkg/httputil/request/request.go:43.8,45.3 1 1
github.com/icaroribeiro/new-go-code-challenge-template/pkg/httputil/request/request.go:51.70,52.35 1 1
github.com/icaroribeiro/new-go-code-challenge-template/pkg/httputil/request/request.go:52.35,53.32 1 1
github.com/icaroribeiro/new-go-code-challenge-template/pkg/httputil/request/request.go:53.32,55.4 1 1
github.com/icaroribeiro/new-go-code-challenge-template/pkg/httputil/request/request.go:60.81,61.37 1 1
github.com/icaroribeiro/new-go-code-challenge-template/pkg/httputil/request/request.go:61.37,65.9 3 1
github.com/icaroribeiro/new-go-code-challenge-template/pkg/httputil/request/request.go:65.9,68.4 2 1
github.com/icaroribeiro/new-go-code-challenge-template/pkg/httputil/response/response.go:13.82,18.16 4 1
github.com/icaroribeiro/new-go-code-challenge-template/pkg/httputil/response/response.go:24.2,24.19 1 1
github.com/icaroribeiro/new-go-code-challenge-template/pkg/httputil/response/response.go:18.16,22.3 3 1
github.com/icaroribeiro/new-go-code-challenge-template/pkg/httputil/response/response.go:28.61,33.19 3 1
github.com/icaroribeiro/new-go-code-challenge-template/pkg/httputil/response/response.go:48.2,48.75 1 1
github.com/icaroribeiro/new-go-code-challenge-template/pkg/httputil/response/response.go:34.30,35.37 1 1
github.com/icaroribeiro/new-go-code-challenge-template/pkg/httputil/response/response.go:36.32,37.39 1 1
github.com/icaroribeiro/new-go-code-challenge-template/pkg/httputil/response/response.go:38.28,39.35 1 1
github.com/icaroribeiro/new-go-code-challenge-template/pkg/httputil/response/response.go:40.28,41.35 1 1
github.com/icaroribeiro/new-go-code-challenge-template/pkg/httputil/response/response.go:42.39,43.46 1 1
github.com/icaroribeiro/new-go-code-challenge-template/pkg/httputil/response/response.go:44.10,45.46 1 1
github.com/icaroribeiro/new-go-code-challenge-template/pkg/middleware/logging/middleware.go:11.56,12.54 1 1
github.com/icaroribeiro/new-go-code-challenge-template/pkg/middleware/logging/middleware.go:12.54,13.55 1 1
github.com/icaroribeiro/new-go-code-challenge-template/pkg/middleware/logging/middleware.go:13.55,15.4 1 1
github.com/icaroribeiro/new-go-code-challenge-template/pkg/datastore/datastore.go:13.58,16.16 2 1
github.com/icaroribeiro/new-go-code-challenge-template/pkg/datastore/datastore.go:21.2,21.82 1 1
github.com/icaroribeiro/new-go-code-challenge-template/pkg/datastore/datastore.go:17.18,18.37 1 1
github.com/icaroribeiro/new-go-code-challenge-template/pkg/datastore/datastore.go:25.43,27.2 1 1
github.com/icaroribeiro/new-go-code-challenge-template/pkg/datastore/datastore.go:30.34,32.16 2 1
github.com/icaroribeiro/new-go-code-challenge-template/pkg/datastore/datastore.go:36.2,36.19 1 1
github.com/icaroribeiro/new-go-code-challenge-template/pkg/datastore/datastore.go:32.16,34.3 1 1
github.com/icaroribeiro/new-go-code-challenge-template/pkg/datastore/postgres_driver.go:16.72,19.27 2 1
github.com/icaroribeiro/new-go-code-challenge-template/pkg/datastore/postgres_driver.go:31.2,34.16 3 1
github.com/icaroribeiro/new-go-code-challenge-template/pkg/datastore/postgres_driver.go:38.2,42.8 1 1
github.com/icaroribeiro/new-go-code-challenge-template/pkg/datastore/postgres_driver.go:19.27,21.3 1 1
github.com/icaroribeiro/new-go-code-challenge-template/pkg/datastore/postgres_driver.go:21.8,29.3 1 1
github.com/icaroribeiro/new-go-code-challenge-template/pkg/datastore/postgres_driver.go:34.16,36.3 1 1
github.com/icaroribeiro/new-go-code-challenge-template/pkg/datastore/postgres_driver.go:46.49,48.2 1 1
github.com/icaroribeiro/new-go-code-challenge-template/pkg/datastore/postgres_driver.go:51.40,53.2 1 1
github.com/icaroribeiro/new-go-code-challenge-template/pkg/middleware/auth/middleware.go:17.81,19.23 2 1
github.com/icaroribeiro/new-go-code-challenge-template/pkg/middleware/auth/middleware.go:24.2,25.27 2 1
github.com/icaroribeiro/new-go-code-challenge-template/pkg/middleware/auth/middleware.go:30.2,30.28 1 1
github.com/icaroribeiro/new-go-code-challenge-template/pkg/middleware/auth/middleware.go:19.23,22.3 2 1
github.com/icaroribeiro/new-go-code-challenge-template/pkg/middleware/auth/middleware.go:25.27,28.3 2 1
github.com/icaroribeiro/new-go-code-challenge-template/pkg/middleware/auth/middleware.go:33.94,35.16 2 1
github.com/icaroribeiro/new-go-code-challenge-template/pkg/middleware/auth/middleware.go:41.2,44.25 3 1
github.com/icaroribeiro/new-go-code-challenge-template/pkg/middleware/auth/middleware.go:48.2,48.23 1 1
github.com/icaroribeiro/new-go-code-challenge-template/pkg/middleware/auth/middleware.go:53.2,53.53 1 1
github.com/icaroribeiro/new-go-code-challenge-template/pkg/middleware/auth/middleware.go:58.2,58.18 1 1
github.com/icaroribeiro/new-go-code-challenge-template/pkg/middleware/auth/middleware.go:35.16,37.3 1 1
github.com/icaroribeiro/new-go-code-challenge-template/pkg/middleware/auth/middleware.go:44.25,46.3 1 1
github.com/icaroribeiro/new-go-code-challenge-template/pkg/middleware/auth/middleware.go:48.23,51.3 2 1
github.com/icaroribeiro/new-go-code-challenge-template/pkg/middleware/auth/middleware.go:53.53,56.3 2 1
github.com/icaroribeiro/new-go-code-challenge-template/pkg/middleware/auth/middleware.go:61.86,67.2 4 1
github.com/icaroribeiro/new-go-code-challenge-template/pkg/middleware/auth/middleware.go:70.85,71.54 1 1
github.com/icaroribeiro/new-go-code-challenge-template/pkg/middleware/auth/middleware.go:71.54,72.55 1 1
github.com/icaroribeiro/new-go-code-challenge-template/pkg/middleware/auth/middleware.go:72.55,74.18 2 1
github.com/icaroribeiro/new-go-code-challenge-template/pkg/middleware/auth/middleware.go:79.4,80.18 2 1
github.com/icaroribeiro/new-go-code-challenge-template/pkg/middleware/auth/middleware.go:85.4,86.18 2 1
github.com/icaroribeiro/new-go-code-challenge-template/pkg/middleware/auth/middleware.go:91.4,93.24 2 1
github.com/icaroribeiro/new-go-code-challenge-template/pkg/middleware/auth/middleware.go:74.18,77.5 2 1
github.com/icaroribeiro/new-go-code-challenge-template/pkg/middleware/auth/middleware.go:80.18,83.5 2 1
github.com/icaroribeiro/new-go-code-challenge-template/pkg/middleware/auth/middleware.go:86.18,89.5 2 1
github.com/icaroribeiro/new-go-code-challenge-template/pkg/middleware/auth/middleware.go:99.125,100.54 1 1
github.com/icaroribeiro/new-go-code-challenge-template/pkg/middleware/auth/middleware.go:100.54,101.55 1 1
github.com/icaroribeiro/new-go-code-challenge-template/pkg/middleware/auth/middleware.go:101.55,103.18 2 1
github.com/icaroribeiro/new-go-code-challenge-template/pkg/middleware/auth/middleware.go:108.4,109.18 2 1
github.com/icaroribeiro/new-go-code-challenge-template/pkg/middleware/auth/middleware.go:114.4,115.18 2 1
github.com/icaroribeiro/new-go-code-challenge-template/pkg/middleware/auth/middleware.go:120.4,122.24 2 1
github.com/icaroribeiro/new-go-code-challenge-template/pkg/middleware/auth/middleware.go:103.18,106.5 2 1
github.com/icaroribeiro/new-go-code-challenge-template/pkg/middleware/auth/middleware.go:109.18,112.5 2 1
github.com/icaroribeiro/new-go-code-challenge-template/pkg/middleware/auth/middleware.go:115.18,118.5 2 1
github.com/icaroribeiro/new-go-code-challenge-template/pkg/validator/validator.go:14.85,17.52 2 1
github.com/icaroribeiro/new-go-code-challenge-template/pkg/validator/validator.go:25.2,27.8 1 1
github.com/icaroribeiro/new-go-code-challenge-template/pkg/validator/validator.go:17.52,19.17 2 1
github.com/icaroribeiro/new-go-code-challenge-template/pkg/validator/validator.go:19.17,22.4 2 1
github.com/icaroribeiro/new-go-code-challenge-template/pkg/validator/validator.go:31.51,33.2 1 1
github.com/icaroribeiro/new-go-code-challenge-template/pkg/validator/validator.go:36.72,38.2 1 1
github.com/icaroribeiro/new-go-code-challenge-template/pkg/security/security.go:11.22,13.2 1 1
github.com/icaroribeiro/new-go-code-challenge-template/pkg/security/security.go:16.76,17.20 1 1
github.com/icaroribeiro/new-go-code-challenge-template/pkg/security/security.go:21.2,21.60 1 1
github.com/icaroribeiro/new-go-code-challenge-template/pkg/security/security.go:17.20,19.3 1 1
github.com/icaroribeiro/new-go-code-challenge-template/pkg/security/security.go:25.75,26.96 1 1
github.com/icaroribeiro/new-go-code-challenge-template/pkg/security/security.go:34.2,34.12 1 1
github.com/icaroribeiro/new-go-code-challenge-template/pkg/security/security.go:26.96,27.49 1 1
github.com/icaroribeiro/new-go-code-challenge-template/pkg/security/security.go:31.3,31.13 1 1
github.com/icaroribeiro/new-go-code-challenge-template/pkg/security/security.go:27.49,29.4 1 1
github.com/icaroribeiro/new-go-code-challenge-template/pkg/server/server.go:13.59,20.2 1 1
github.com/icaroribeiro/new-go-code-challenge-template/pkg/server/server.go:23.32,25.2 1 1
github.com/icaroribeiro/new-go-code-challenge-template/pkg/server/server.go:28.50,30.2 1 1
github.com/icaroribeiro/new-go-code-challenge-template/pkg/validator/password/validator.go:12.50,14.36 2 1
github.com/icaroribeiro/new-go-code-challenge-template/pkg/validator/password/validator.go:18.2,18.26 1 1
github.com/icaroribeiro/new-go-code-challenge-template/pkg/validator/password/validator.go:22.2,26.42 3 1
github.com/icaroribeiro/new-go-code-challenge-template/pkg/validator/password/validator.go:30.2,30.12 1 1
github.com/icaroribeiro/new-go-code-challenge-template/pkg/validator/password/validator.go:14.36,16.3 1 1
github.com/icaroribeiro/new-go-code-challenge-template/pkg/validator/password/validator.go:18.26,20.3 1 1
github.com/icaroribeiro/new-go-code-challenge-template/pkg/validator/password/validator.go:26.42,28.3 1 1
github.com/icaroribeiro/new-go-code-challenge-template/pkg/middleware/dbtrx/middleware.go:24.64,26.2 1 1
github.com/icaroribeiro/new-go-code-challenge-template/pkg/middleware/dbtrx/middleware.go:28.40,30.2 1 1
github.com/icaroribeiro/new-go-code-challenge-template/pkg/middleware/dbtrx/middleware.go:32.55,33.20 1 1
github.com/icaroribeiro/new-go-code-challenge-template/pkg/middleware/dbtrx/middleware.go:37.2,39.23 3 1
github.com/icaroribeiro/new-go-code-challenge-template/pkg/middleware/dbtrx/middleware.go:33.20,35.3 1 1
github.com/icaroribeiro/new-go-code-challenge-template/pkg/middleware/dbtrx/middleware.go:42.68,43.39 1 1
github.com/icaroribeiro/new-go-code-challenge-template/pkg/middleware/dbtrx/middleware.go:49.2,49.14 1 1
github.com/icaroribeiro/new-go-code-challenge-template/pkg/middleware/dbtrx/middleware.go:43.39,44.26 1 1
github.com/icaroribeiro/new-go-code-challenge-template/pkg/middleware/dbtrx/middleware.go:44.26,46.4 1 1
github.com/icaroribeiro/new-go-code-challenge-template/pkg/middleware/dbtrx/middleware.go:53.65,54.54 1 1
github.com/icaroribeiro/new-go-code-challenge-template/pkg/middleware/dbtrx/middleware.go:54.54,55.55 1 1
github.com/icaroribeiro/new-go-code-challenge-template/pkg/middleware/dbtrx/middleware.go:55.55,56.17 1 1
github.com/icaroribeiro/new-go-code-challenge-template/pkg/middleware/dbtrx/middleware.go:61.4,62.17 2 1
github.com/icaroribeiro/new-go-code-challenge-template/pkg/middleware/dbtrx/middleware.go:69.4,78.61 7 1
github.com/icaroribeiro/new-go-code-challenge-template/pkg/middleware/dbtrx/middleware.go:56.17,59.5 2 1
github.com/icaroribeiro/new-go-code-challenge-template/pkg/middleware/dbtrx/middleware.go:62.17,63.33 1 1
github.com/icaroribeiro/new-go-code-challenge-template/pkg/middleware/dbtrx/middleware.go:63.33,65.6 1 1
github.com/icaroribeiro/new-go-code-challenge-template/pkg/middleware/dbtrx/middleware.go:78.61,79.48 1 1
github.com/icaroribeiro/new-go-code-challenge-template/pkg/middleware/dbtrx/middleware.go:79.48,82.6 2 1
github.com/icaroribeiro/new-go-code-challenge-template/pkg/middleware/dbtrx/middleware.go:83.10,86.5 2 1
github.com/icaroribeiro/new-go-code-challenge-template/pkg/validator/username/validator.go:12.50,14.36 2 1
github.com/icaroribeiro/new-go-code-challenge-template/pkg/validator/username/validator.go:18.2,18.26 1 1
github.com/icaroribeiro/new-go-code-challenge-template/pkg/validator/username/validator.go:22.2,26.42 3 1
github.com/icaroribeiro/new-go-code-challenge-template/pkg/validator/username/validator.go:30.2,30.12 1 1
github.com/icaroribeiro/new-go-code-challenge-template/pkg/validator/username/validator.go:14.36,16.3 1 1
github.com/icaroribeiro/new-go-code-challenge-template/pkg/validator/username/validator.go:18.26,20.3 1 1
github.com/icaroribeiro/new-go-code-challenge-template/pkg/validator/username/validator.go:26.42,28.3 1 1
github.com/icaroribeiro/new-go-code-challenge-template/pkg/validator/uuid/validator.go:13.50,15.36 2 1
github.com/icaroribeiro/new-go-code-challenge-template/pkg/validator/uuid/validator.go:19.2,19.46 1 1
github.com/icaroribeiro/new-go-code-challenge-template/pkg/validator/uuid/validator.go:23.2,26.16 3 1
github.com/icaroribeiro/new-go-code-challenge-template/pkg/validator/uuid/validator.go:30.2,30.12 1 1
github.com/icaroribeiro/new-go-code-challenge-template/pkg/validator/uuid/validator.go:15.36,17.3 1 1
github.com/icaroribeiro/new-go-code-challenge-template/pkg/validator/uuid/validator.go:19.46,21.3 1 1
github.com/icaroribeiro/new-go-code-challenge-template/pkg/validator/uuid/validator.go:26.16,28.3 1 1
